mode: set
github.com/KEINOS/go-gisty/gisty/buildinfos/buildinfos.go:20.13,22.2 1 1
github.com/KEINOS/go-gisty/gisty/buildinfos/buildinfos.go:27.26,28.19 1 1
github.com/KEINOS/go-gisty/gisty/buildinfos/buildinfos.go:28.19,30.3 1 1
github.com/KEINOS/go-gisty/gisty/buildinfos/buildinfos.go:32.2,32.42 1 1
github.com/KEINOS/go-gisty/gisty/buildinfos/buildinfos.go:32.42,34.20 2 1
github.com/KEINOS/go-gisty/gisty/buildinfos/buildinfos.go:34.20,36.4 1 1
github.com/KEINOS/go-gisty/gisty/buildinfos/buildinfos.go:39.2,39.18 1 1
github.com/KEINOS/go-gisty/gisty/chdir.go:17.41,19.16 2 1
github.com/KEINOS/go-gisty/gisty/chdir.go:19.16,21.3 1 1
github.com/KEINOS/go-gisty/gisty/chdir.go:23.2,24.16 2 1
github.com/KEINOS/go-gisty/gisty/chdir.go:24.16,26.3 1 1
github.com/KEINOS/go-gisty/gisty/chdir.go:28.2,28.24 1 1
github.com/KEINOS/go-gisty/gisty/cmd_clone.go:18.44,20.2 1 1
github.com/KEINOS/go-gisty/gisty/cmd_clone.go:25.82,34.2 6 1
github.com/KEINOS/go-gisty/gisty/cmd_comments.go:73.60,76.23 1 1
github.com/KEINOS/go-gisty/gisty/cmd_comments.go:76.23,78.3 1 1
github.com/KEINOS/go-gisty/gisty/cmd_comments.go:80.2,80.52 1 1
github.com/KEINOS/go-gisty/gisty/cmd_comments.go:114.94,116.18 2 1
github.com/KEINOS/go-gisty/gisty/cmd_comments.go:116.18,118.3 1 1
github.com/KEINOS/go-gisty/gisty/cmd_comments.go:120.2,136.16 9 1
github.com/KEINOS/go-gisty/gisty/cmd_comments.go:136.16,138.3 1 1
github.com/KEINOS/go-gisty/gisty/cmd_comments.go:140.2,145.16 4 1
github.com/KEINOS/go-gisty/gisty/cmd_comments.go:145.16,147.3 1 1
github.com/KEINOS/go-gisty/gisty/cmd_comments.go:150.2,150.19 1 1
github.com/KEINOS/go-gisty/gisty/cmd_create.go:22.59,25.19 2 1
github.com/KEINOS/go-gisty/gisty/cmd_create.go:25.19,27.3 1 1
github.com/KEINOS/go-gisty/gisty/cmd_create.go:29.2,29.28 1 1
github.com/KEINOS/go-gisty/gisty/cmd_create.go:29.28,31.3 1 1
github.com/KEINOS/go-gisty/gisty/cmd_create.go:33.2,35.52 2 1
github.com/KEINOS/go-gisty/gisty/cmd_create.go:41.97,50.16 7 1
github.com/KEINOS/go-gisty/gisty/cmd_create.go:50.16,52.3 1 1
github.com/KEINOS/go-gisty/gisty/cmd_create.go:55.2,57.60 2 1
github.com/KEINOS/go-gisty/gisty/cmd_delete.go:14.43,16.2 1 1
github.com/KEINOS/go-gisty/gisty/cmd_delete.go:21.83,33.2 6 1
github.com/KEINOS/go-gisty/gisty/cmd_list.go:19.57,22.20 2 1
github.com/KEINOS/go-gisty/gisty/cmd_list.go:22.20,24.3 1 1
github.com/KEINOS/go-gisty/gisty/cmd_list.go:26.2,26.21 1 1
github.com/KEINOS/go-gisty/gisty/cmd_list.go:26.21,28.3 1 1
github.com/KEINOS/go-gisty/gisty/cmd_list.go:32.2,32.21 1 1
github.com/KEINOS/go-gisty/gisty/cmd_list.go:32.21,34.3 1 1
github.com/KEINOS/go-gisty/gisty/cmd_list.go:36.2,36.46 1 1
github.com/KEINOS/go-gisty/gisty/cmd_list.go:42.93,51.16 7 1
github.com/KEINOS/go-gisty/gisty/cmd_list.go:51.16,53.3 1 1
github.com/KEINOS/go-gisty/gisty/cmd_list.go:55.2,55.41 1 1
github.com/KEINOS/go-gisty/gisty/cmd_list.go:58.53,59.16 1 1
github.com/KEINOS/go-gisty/gisty/cmd_list.go:59.16,61.3 1 1
github.com/KEINOS/go-gisty/gisty/cmd_list.go:63.2,67.26 3 1
github.com/KEINOS/go-gisty/gisty/cmd_list.go:67.26,68.17 1 1
github.com/KEINOS/go-gisty/gisty/cmd_list.go:68.17,70.18 2 1
github.com/KEINOS/go-gisty/gisty/cmd_list.go:70.18,72.5 1 1
github.com/KEINOS/go-gisty/gisty/cmd_list.go:74.4,74.37 1 1
github.com/KEINOS/go-gisty/gisty/cmd_list.go:78.2,78.20 1 1
github.com/KEINOS/go-gisty/gisty/cmd_read.go:12.57,14.2 1 1
github.com/KEINOS/go-gisty/gisty/cmd_read.go:19.93,23.54 2 1
github.com/KEINOS/go-gisty/gisty/cmd_read.go:23.54,25.17 2 1
github.com/KEINOS/go-gisty/gisty/cmd_read.go:25.17,27.4 1 1
github.com/KEINOS/go-gisty/gisty/cmd_read.go:29.3,29.13 1 1
github.com/KEINOS/go-gisty/gisty/cmd_read.go:32.2,32.17 1 1
github.com/KEINOS/go-gisty/gisty/cmd_read.go:32.17,34.3 1 1
github.com/KEINOS/go-gisty/gisty/cmd_read.go:36.2,44.16 7 1
github.com/KEINOS/go-gisty/gisty/cmd_read.go:44.16,46.3 1 1
github.com/KEINOS/go-gisty/gisty/cmd_read.go:48.2,48.24 1 1
github.com/KEINOS/go-gisty/gisty/cmd_read.go:58.60,61.35 2 1
github.com/KEINOS/go-gisty/gisty/cmd_read.go:61.35,63.17 2 1
github.com/KEINOS/go-gisty/gisty/cmd_read.go:63.17,65.4 1 1
github.com/KEINOS/go-gisty/gisty/cmd_read.go:67.3,67.14 1 1
github.com/KEINOS/go-gisty/gisty/cmd_read.go:70.2,70.18 1 1
github.com/KEINOS/go-gisty/gisty/cmd_read.go:70.18,72.3 1 1
github.com/KEINOS/go-gisty/gisty/cmd_read.go:74.2,75.16 2 1
github.com/KEINOS/go-gisty/gisty/cmd_read.go:75.16,77.3 1 1
github.com/KEINOS/go-gisty/gisty/cmd_read.go:79.2,80.37 2 1
github.com/KEINOS/go-gisty/gisty/cmd_read.go:80.37,85.38 1 1
github.com/KEINOS/go-gisty/gisty/cmd_read.go:85.38,87.4 1 1
github.com/KEINOS/go-gisty/gisty/cmd_read.go:89.3,89.61 1 1
github.com/KEINOS/go-gisty/gisty/cmd_read.go:92.2,95.16 3 1
github.com/KEINOS/go-gisty/gisty/cmd_read.go:95.16,97.3 1 1
github.com/KEINOS/go-gisty/gisty/cmd_read.go:99.2,99.18 1 1
github.com/KEINOS/go-gisty/gisty/cmd_stargazer.go:15.55,17.2 1 1
github.com/KEINOS/go-gisty/gisty/cmd_stargazer.go:23.89,42.16 10 1
github.com/KEINOS/go-gisty/gisty/cmd_stargazer.go:42.16,44.3 1 1
github.com/KEINOS/go-gisty/gisty/cmd_stargazer.go:47.2,49.107 2 1
github.com/KEINOS/go-gisty/gisty/cmd_update.go:19.51,27.2 1 1
github.com/KEINOS/go-gisty/gisty/cmd_update.go:33.65,34.28 1 1
github.com/KEINOS/go-gisty/gisty/cmd_update.go:34.28,36.3 1 1
github.com/KEINOS/go-gisty/gisty/cmd_update.go:39.2,40.16 2 1
github.com/KEINOS/go-gisty/gisty/cmd_update.go:40.16,42.3 1 1
github.com/KEINOS/go-gisty/gisty/cmd_update.go:44.2,44.15 1 1
github.com/KEINOS/go-gisty/gisty/cmd_update.go:44.15,46.17 2 1
github.com/KEINOS/go-gisty/gisty/cmd_update.go:46.17,48.4 1 1
github.com/KEINOS/go-gisty/gisty/cmd_update.go:51.2,53.23 2 1
github.com/KEINOS/go-gisty/gisty/cmd_update.go:53.23,55.3 1 1
github.com/KEINOS/go-gisty/gisty/cmd_update.go:57.2,57.28 1 1
github.com/KEINOS/go-gisty/gisty/cmd_update.go:57.28,59.3 1 1
github.com/KEINOS/go-gisty/gisty/cmd_update.go:61.2,61.23 1 1
github.com/KEINOS/go-gisty/gisty/cmd_update.go:61.23,63.3 1 1
github.com/KEINOS/go-gisty/gisty/cmd_update.go:65.2,65.16 1 1
github.com/KEINOS/go-gisty/gisty/cmd_update.go:65.16,67.3 1 1
github.com/KEINOS/go-gisty/gisty/cmd_update.go:69.2,69.52 1 1
github.com/KEINOS/go-gisty/gisty/cmd_update.go:75.91,84.16 7 1
github.com/KEINOS/go-gisty/gisty/cmd_update.go:84.16,86.3 1 1
github.com/KEINOS/go-gisty/gisty/cmd_update.go:89.2,93.47 3 1
github.com/KEINOS/go-gisty/gisty/cmd_update.go:93.47,95.3 1 1
github.com/KEINOS/go-gisty/gisty/cmd_update.go:97.2,97.20 1 1
github.com/KEINOS/go-gisty/gisty/fmt_args.go:13.36,16.19 2 1
github.com/KEINOS/go-gisty/gisty/fmt_args.go:16.19,18.3 1 1
github.com/KEINOS/go-gisty/gisty/fmt_args.go:20.2,20.19 1 1
github.com/KEINOS/go-gisty/gisty/fmt_args.go:20.19,22.3 1 1
github.com/KEINOS/go-gisty/gisty/fmt_args.go:24.2,25.9 2 1
github.com/KEINOS/go-gisty/gisty/fmt_args.go:25.9,27.3 1 1
github.com/KEINOS/go-gisty/gisty/fmt_args.go:29.2,29.43 1 1
github.com/KEINOS/go-gisty/gisty/get_error_pos.go:15.27,19.26 3 1
github.com/KEINOS/go-gisty/gisty/get_error_pos.go:19.26,21.3 1 1
github.com/KEINOS/go-gisty/gisty/get_error_pos.go:23.2,23.72 1 1
github.com/KEINOS/go-gisty/gisty/gist_info.go:33.49,34.16 1 1
github.com/KEINOS/go-gisty/gisty/gist_info.go:34.16,36.3 1 1
github.com/KEINOS/go-gisty/gisty/gist_info.go:38.2,41.31 3 1
github.com/KEINOS/go-gisty/gisty/gist_info.go:41.31,47.3 1 1
github.com/KEINOS/go-gisty/gisty/gist_info.go:49.2,50.16 2 1
github.com/KEINOS/go-gisty/gisty/gist_info.go:50.16,52.3 1 1
github.com/KEINOS/go-gisty/gisty/gist_info.go:54.2,55.16 2 1
github.com/KEINOS/go-gisty/gisty/gist_info.go:55.16,57.3 1 1
github.com/KEINOS/go-gisty/gisty/gist_info.go:59.2,60.16 2 1
github.com/KEINOS/go-gisty/gisty/gist_info.go:60.16,62.3 1 1
github.com/KEINOS/go-gisty/gisty/gist_info.go:64.2,70.8 1 1
github.com/KEINOS/go-gisty/gisty/gist_info.go:80.48,88.2 5 1
github.com/KEINOS/go-gisty/gisty/gist_info.go:92.48,93.15 1 1
github.com/KEINOS/go-gisty/gisty/gist_info.go:94.16,95.19 1 1
github.com/KEINOS/go-gisty/gisty/gist_info.go:96.16,97.20 1 1
github.com/KEINOS/go-gisty/gisty/gist_info.go:98.10,99.66 1 1
github.com/KEINOS/go-gisty/gisty/gist_info.go:104.49,109.16 3 1
github.com/KEINOS/go-gisty/gisty/gist_info.go:109.16,111.3 1 1
github.com/KEINOS/go-gisty/gisty/gist_info.go:113.2,113.23 1 1
github.com/KEINOS/go-gisty/gisty/gisty.go:97.24,124.2 6 1
github.com/KEINOS/go-gisty/gisty/gisty.go:131.43,135.32 3 1
github.com/KEINOS/go-gisty/gisty/gisty.go:135.32,139.13 1 1
github.com/KEINOS/go-gisty/gisty/gisty.go:139.13,142.4 2 1
github.com/KEINOS/go-gisty/gisty/gisty.go:145.2,145.36 1 1
github.com/KEINOS/go-gisty/gisty/new_err.go:12.32,16.18 3 1
github.com/KEINOS/go-gisty/gisty/new_err.go:16.18,18.3 1 1
github.com/KEINOS/go-gisty/gisty/new_err.go:20.2,21.9 2 1
github.com/KEINOS/go-gisty/gisty/new_err.go:21.9,25.3 2 1
github.com/KEINOS/go-gisty/gisty/new_err.go:27.2,29.18 2 1
github.com/KEINOS/go-gisty/gisty/new_err.go:29.18,31.3 1 1
github.com/KEINOS/go-gisty/gisty/new_err.go:33.2,33.43 1 1
github.com/KEINOS/go-gisty/gisty/wrap_if_err.go:27.46,28.16 1 1
github.com/KEINOS/go-gisty/gisty/wrap_if_err.go:28.16,30.3 1 1
github.com/KEINOS/go-gisty/gisty/wrap_if_err.go:32.2,32.20 1 1
github.com/KEINOS/go-gisty/gisty/wrap_if_err.go:32.20,34.3 1 1
github.com/KEINOS/go-gisty/gisty/wrap_if_err.go:36.2,39.40 3 1
